<?xml version="1.0" encoding="UTF-8"?>
<!-- Generated by org.testng.reporters.JUnitReportReporter -->
<testsuite hostname="LIN-5CG136BV96" failures="0" tests="1" name="Runner.HotelRunner" time="5.377" errors="0" timestamp="2024-03-15T12:09:54 IST" skipped="0">
  <testcase classname="Runner.HotelRunner" name="runScenario" time="5.377"/>
</testsuite> <!-- Runner.HotelRunner -->
